  lab4 del1.c
c:\users\hampus\desktop\tsbk07 - computer graphics\opengl3example\gl\loadobj.c(117): warning C4996: 'sscanf': This function or variable may be unsafe. Consider using sscanf_s instead. To disable deprecation, use _CRT_SECURE_NO_WARNINGS. See online help for details.
  c:\program files (x86)\windows kits\10\include\10.0.10240.0\ucrt\stdio.h(2254): note: see declaration of 'sscanf'
c:\users\hampus\desktop\tsbk07 - computer graphics\opengl3example\gl\loadobj.c(118): warning C4996: 'sscanf': This function or variable may be unsafe. Consider using sscanf_s instead. To disable deprecation, use _CRT_SECURE_NO_WARNINGS. See online help for details.
  c:\program files (x86)\windows kits\10\include\10.0.10240.0\ucrt\stdio.h(2254): note: see declaration of 'sscanf'
c:\users\hampus\desktop\tsbk07 - computer graphics\opengl3example\gl\loadobj.c(138): warning C4996: 'sscanf': This function or variable may be unsafe. Consider using sscanf_s instead. To disable deprecation, use _CRT_SECURE_NO_WARNINGS. See online help for details.
  c:\program files (x86)\windows kits\10\include\10.0.10240.0\ucrt\stdio.h(2254): note: see declaration of 'sscanf'
c:\users\hampus\desktop\tsbk07 - computer graphics\opengl3example\gl\loadobj.c(139): warning C4996: 'sscanf': This function or variable may be unsafe. Consider using sscanf_s instead. To disable deprecation, use _CRT_SECURE_NO_WARNINGS. See online help for details.
  c:\program files (x86)\windows kits\10\include\10.0.10240.0\ucrt\stdio.h(2254): note: see declaration of 'sscanf'
c:\users\hampus\desktop\tsbk07 - computer graphics\opengl3example\gl\loadobj.c(161): warning C4996: 'sscanf': This function or variable may be unsafe. Consider using sscanf_s instead. To disable deprecation, use _CRT_SECURE_NO_WARNINGS. See online help for details.
  c:\program files (x86)\windows kits\10\include\10.0.10240.0\ucrt\stdio.h(2254): note: see declaration of 'sscanf'
c:\users\hampus\desktop\tsbk07 - computer graphics\opengl3example\gl\loadobj.c(162): warning C4996: 'sscanf': This function or variable may be unsafe. Consider using sscanf_s instead. To disable deprecation, use _CRT_SECURE_NO_WARNINGS. See online help for details.
  c:\program files (x86)\windows kits\10\include\10.0.10240.0\ucrt\stdio.h(2254): note: see declaration of 'sscanf'
c:\users\hampus\desktop\tsbk07 - computer graphics\opengl3example\gl\loadobj.c(454): warning C4996: 'fopen': This function or variable may be unsafe. Consider using fopen_s instead. To disable deprecation, use _CRT_SECURE_NO_WARNINGS. See online help for details.
  c:\program files (x86)\windows kits\10\include\10.0.10240.0\ucrt\stdio.h(205): note: see declaration of 'fopen'
c:\users\hampus\desktop\tsbk07 - computer graphics\opengl3example\gl\loadobj.c(484): warning C4996: 'fopen': This function or variable may be unsafe. Consider using fopen_s instead. To disable deprecation, use _CRT_SECURE_NO_WARNINGS. See online help for details.
  c:\program files (x86)\windows kits\10\include\10.0.10240.0\ucrt\stdio.h(205): note: see declaration of 'fopen'
c:\users\hampus\desktop\tsbk07 - computer graphics\opengl3example\gl\loadobj.c(631): warning C4244: 'initializing': conversion from 'double' to 'float', possible loss of data
c:\users\hampus\desktop\tsbk07 - computer graphics\opengl3example\gl\loadobj.c(632): warning C4244: 'initializing': conversion from 'double' to 'float', possible loss of data
c:\users\hampus\desktop\tsbk07 - computer graphics\opengl3example\gl\loadobj.c(633): warning C4244: 'initializing': conversion from 'double' to 'float', possible loss of data
c:\users\hampus\desktop\tsbk07 - computer graphics\opengl3example\gl\loadobj.c(639): warning C4244: 'initializing': conversion from 'double' to 'float', possible loss of data
c:\users\hampus\desktop\tsbk07 - computer graphics\opengl3example\gl\loadobj.c(641): warning C4244: 'initializing': conversion from 'double' to 'float', possible loss of data
c:\users\hampus\desktop\tsbk07 - computer graphics\opengl3example\gl\loadobj.c(643): warning C4244: 'initializing': conversion from 'double' to 'float', possible loss of data
c:\users\hampus\desktop\tsbk07 - computer graphics\opengl3example\gl\loadobj.c(670): warning C4244: 'initializing': conversion from 'double' to 'float', possible loss of data
c:\users\hampus\desktop\tsbk07 - computer graphics\opengl3example\gl\loadobj.c(854): warning C4244: '-=': conversion from 'double' to 'GLfloat', possible loss of data
c:\users\hampus\desktop\tsbk07 - computer graphics\opengl3example\gl\loadobj.c(855): warning C4244: '-=': conversion from 'double' to 'GLfloat', possible loss of data
c:\users\hampus\desktop\tsbk07 - computer graphics\opengl3example\gl\loadobj.c(856): warning C4244: '-=': conversion from 'double' to 'GLfloat', possible loss of data
c:\users\hampus\desktop\tsbk07 - computer graphics\opengl3example\common\loadtga.c(100): warning C4018: '<': signed/unsigned mismatch
c:\users\hampus\desktop\tsbk07 - computer graphics\opengl3example\common\loadtga.c(102): warning C4018: '<': signed/unsigned mismatch
c:\users\hampus\desktop\tsbk07 - computer graphics\opengl3example\common\loadtga.c(169): warning C4018: '<': signed/unsigned mismatch
c:\users\hampus\desktop\tsbk07 - computer graphics\opengl3example\common\loadtga.c(175): warning C4018: '>=': signed/unsigned mismatch
c:\users\hampus\desktop\tsbk07 - computer graphics\opengl3example\common\loadtga.c(51): warning C4996: 'fopen': This function or variable may be unsafe. Consider using fopen_s instead. To disable deprecation, use _CRT_SECURE_NO_WARNINGS. See online help for details.
  c:\program files (x86)\windows kits\10\include\10.0.10240.0\ucrt\stdio.h(205): note: see declaration of 'fopen'
c:\users\hampus\desktop\tsbk07 - computer graphics\opengl3example\common\loadtga.c(266): warning C4996: 'fopen': This function or variable may be unsafe. Consider using fopen_s instead. To disable deprecation, use _CRT_SECURE_NO_WARNINGS. See online help for details.
  c:\program files (x86)\windows kits\10\include\10.0.10240.0\ucrt\stdio.h(205): note: see declaration of 'fopen'
c:\users\hampus\desktop\tsbk07 - computer graphics\opengl3example\common\vectorutils3.c(201): warning C4244: '=': conversion from 'double' to 'GLfloat', possible loss of data
c:\users\hampus\desktop\tsbk07 - computer graphics\opengl3example\common\vectorutils3.c(210): warning C4244: '=': conversion from 'double' to 'GLfloat', possible loss of data
c:\users\hampus\desktop\tsbk07 - computer graphics\opengl3example\common\vectorutils3.c(267): warning C4244: '=': conversion from 'double' to 'GLfloat', possible loss of data
c:\users\hampus\desktop\tsbk07 - computer graphics\opengl3example\common\vectorutils3.c(269): warning C4244: '=': conversion from 'double' to 'GLfloat', possible loss of data
c:\users\hampus\desktop\tsbk07 - computer graphics\opengl3example\common\vectorutils3.c(271): warning C4244: '=': conversion from 'double' to 'GLfloat', possible loss of data
c:\users\hampus\desktop\tsbk07 - computer graphics\opengl3example\common\vectorutils3.c(281): warning C4244: '=': conversion from 'double' to 'GLfloat', possible loss of data
c:\users\hampus\desktop\tsbk07 - computer graphics\opengl3example\common\vectorutils3.c(283): warning C4244: '=': conversion from 'double' to 'GLfloat', possible loss of data
c:\users\hampus\desktop\tsbk07 - computer graphics\opengl3example\common\vectorutils3.c(285): warning C4244: '=': conversion from 'double' to 'GLfloat', possible loss of data
c:\users\hampus\desktop\tsbk07 - computer graphics\opengl3example\common\vectorutils3.c(295): warning C4244: '=': conversion from 'double' to 'GLfloat', possible loss of data
c:\users\hampus\desktop\tsbk07 - computer graphics\opengl3example\common\vectorutils3.c(297): warning C4244: '=': conversion from 'double' to 'GLfloat', possible loss of data
c:\users\hampus\desktop\tsbk07 - computer graphics\opengl3example\common\vectorutils3.c(299): warning C4244: '=': conversion from 'double' to 'GLfloat', possible loss of data
c:\users\hampus\desktop\tsbk07 - computer graphics\opengl3example\common\vectorutils3.c(713): warning C4244: 'function': conversion from 'double' to 'float', possible loss of data
c:\users\hampus\desktop\tsbk07 - computer graphics\opengl3example\common\vectorutils3.c(716): warning C4244: 'function': conversion from 'double' to 'float', possible loss of data
c:\users\hampus\desktop\tsbk07 - computer graphics\opengl3example\common\vectorutils3.c(721): warning C4244: 'function': conversion from 'double' to 'float', possible loss of data
c:\users\hampus\desktop\tsbk07 - computer graphics\opengl3example\common\vectorutils3.c(734): warning C4244: '=': conversion from 'double' to 'float', possible loss of data
c:\users\hampus\desktop\tsbk07 - computer graphics\opengl3example\lab4 del1.c(50): warning C4005: 'near': macro redefinition
  c:\program files (x86)\windows kits\8.1\include\shared\minwindef.h(95): note: see previous definition of 'near'
c:\users\hampus\desktop\tsbk07 - computer graphics\opengl3example\lab4 del1.c(51): warning C4005: 'far': macro redefinition
  c:\program files (x86)\windows kits\8.1\include\shared\minwindef.h(94): note: see previous definition of 'far'
c:\users\hampus\desktop\tsbk07 - computer graphics\opengl3example\lab4 del1.c(67): warning C4244: '=': conversion from 'double' to 'int', possible loss of data
c:\users\hampus\desktop\tsbk07 - computer graphics\opengl3example\lab4 del1.c(68): warning C4244: '=': conversion from 'double' to 'int', possible loss of data
c:\users\hampus\desktop\tsbk07 - computer graphics\opengl3example\lab4 del1.c(66): warning C4101: 'impx': unreferenced local variable
c:\users\hampus\desktop\tsbk07 - computer graphics\opengl3example\lab4 del1.c(66): warning C4101: 'impz': unreferenced local variable
c:\users\hampus\desktop\tsbk07 - computer graphics\opengl3example\lab4 del1.c(142): warning C4018: '<': signed/unsigned mismatch
c:\users\hampus\desktop\tsbk07 - computer graphics\opengl3example\lab4 del1.c(143): warning C4018: '<': signed/unsigned mismatch
c:\users\hampus\desktop\tsbk07 - computer graphics\opengl3example\lab4 del1.c(146): warning C4244: '=': conversion from 'double' to 'GLfloat', possible loss of data
c:\users\hampus\desktop\tsbk07 - computer graphics\opengl3example\lab4 del1.c(147): warning C4244: '=': conversion from 'double' to 'GLfloat', possible loss of data
c:\users\hampus\desktop\tsbk07 - computer graphics\opengl3example\lab4 del1.c(148): warning C4244: '=': conversion from 'double' to 'GLfloat', possible loss of data
c:\users\hampus\desktop\tsbk07 - computer graphics\opengl3example\lab4 del1.c(153): warning C4244: 'function': conversion from 'double' to 'GLfloat', possible loss of data
c:\users\hampus\desktop\tsbk07 - computer graphics\opengl3example\lab4 del1.c(154): warning C4244: 'function': conversion from 'double' to 'GLfloat', possible loss of data
c:\users\hampus\desktop\tsbk07 - computer graphics\opengl3example\lab4 del1.c(155): warning C4244: 'function': conversion from 'double' to 'GLfloat', possible loss of data
c:\users\hampus\desktop\tsbk07 - computer graphics\opengl3example\lab4 del1.c(170): warning C4244: '=': conversion from 'int' to 'GLfloat', possible loss of data
c:\users\hampus\desktop\tsbk07 - computer graphics\opengl3example\lab4 del1.c(171): warning C4244: '=': conversion from 'int' to 'GLfloat', possible loss of data
c:\users\hampus\desktop\tsbk07 - computer graphics\opengl3example\lab4 del1.c(173): warning C4018: '<': signed/unsigned mismatch
c:\users\hampus\desktop\tsbk07 - computer graphics\opengl3example\lab4 del1.c(174): warning C4018: '<': signed/unsigned mismatch
c:\users\hampus\desktop\tsbk07 - computer graphics\opengl3example\lab4 del1.c(301): warning C4305: 'function': truncation from 'double' to 'GLclampf'
c:\users\hampus\desktop\tsbk07 - computer graphics\opengl3example\lab4 del1.c(308): warning C4305: 'function': truncation from 'double' to 'float'
c:\users\hampus\desktop\tsbk07 - computer graphics\opengl3example\lab4 del1.c(394): warning C4244: 'function': conversion from 'double' to 'GLfloat', possible loss of data
c:\users\hampus\desktop\tsbk07 - computer graphics\opengl3example\lab4 del1.c(471): warning C4244: 'function': conversion from 'double' to 'GLfloat', possible loss of data
c:\users\hampus\desktop\tsbk07 - computer graphics\opengl3example\lab4 del1.c(471): warning C4244: 'function': conversion from 'double' to 'float', possible loss of data
c:\users\hampus\desktop\tsbk07 - computer graphics\opengl3example\lab4 del1.c(488): warning C4244: '=': conversion from 'double' to 'GLfloat', possible loss of data
c:\users\hampus\desktop\tsbk07 - computer graphics\opengl3example\lab4 del1.c(489): warning C4244: '=': conversion from 'double' to 'GLfloat', possible loss of data
c:\users\hampus\desktop\tsbk07 - computer graphics\opengl3example\lab4 del1.c(537): warning C4028: formal parameter 1 different from declaration
c:\users\hampus\desktop\tsbk07 - computer graphics\opengl3example\lab4 del1.c(538): warning C4028: formal parameter 1 different from declaration
  openGL3Example.vcxproj -> C:\Users\Hampus\Desktop\TSBK07 - Computer Graphics\openGL3Example\Debug\testpro.exe
